<?xml version="1.0" encoding="UTF-8"?>
<!-- Generated by org.testng.reporters.JUnitReportReporter -->
<testsuite hostname="DESKTOP-NQUFMQ8" failures="0" tests="3" name="com.toutorial.test.SearchProduct" time="23.021" errors="0" timestamp="2023-03-07T23:09:26 IST" skipped="0">
  <testcase classname="com.toutorial.test.SearchProduct" name="verifySearchwithValidProduct" time="7.577"/>
  <system-out/>
  <testcase classname="com.toutorial.test.SearchProduct" name="verifySearchWithNonExistingProduct" time="8.106"/>
  <system-out/>
  <testcase classname="com.toutorial.test.SearchProduct" name="verifySearchWithoutProvidingAnyProduct" time="7.338"/>
  <system-out/>
</testsuite> <!-- com.toutorial.test.SearchProduct -->
