<?xml version="1.0" encoding="UTF-8"?>
<!-- Generated by org.testng.reporters.JUnitReportReporter -->
<testsuite hostname="DESKTOP-NQUFMQ8" failures="0" tests="4" name="com.toutorial.test.Register" time="38.206" errors="0" timestamp="2023-03-07T23:12:36 IST" skipped="0">
  <testcase classname="com.toutorial.test.Register" name="verifyRegisteringAnAccountWithMandatoryFields" time="9.514"/>
  <system-out/>
  <testcase classname="com.toutorial.test.Register" name="verifyRegisteringAccountByProvidingAllFileds" time="8.712"/>
  <system-out/>
  <testcase classname="com.toutorial.test.Register" name="verifyRegisterAccountWithExisitingEmail" time="12.334"/>
  <system-out/>
  <testcase classname="com.toutorial.test.Register" name="VerifyRegisteringWithoutProvidingAnyDetails" time="7.646"/>
  <system-out/>
</testsuite> <!-- com.toutorial.test.Register -->
